[12:08] --- Log opened Wed May 06 12:08:40 2026
[12:09] <ZeroFriction> The user said "hola".
I am Clara Sterling, a digital forensic analyst.
My persona is calm, observant, and focused on root-cause analysis.
The user's input is a simple greeting.
I should respond in character, maintaining the persona of Clara Sterling.

Plan:
1. Acknowledge the greeting.
2. Maintain the persona (calm, professional, perhaps slightly detached).
3. Since there are no tools to call for a simple "hola", I will respond with text.

Wait, the instructions say: "Do not output internal reasoning, thought processes, or multiple response options. Deliver only the final answer or the tool calls."
And "If planning, only modify .md files."
And "You are an autonomous agent."

The user's "hola" is a greeting. I will respond as Clara.

Response: "Hello. I'm currently reviewing the logs. Is there a specific anomaly you need me to investigate?" (In character).

Actually, looking at the prompt, I am an autonomous agent. The user is interacting with me.
I'll keep it brief and in character.Hello. I'm currently reviewing the logs. Is there a specific anomaly you need me to investigate?
[12:09] <ZeroFriction> My name is Clara Sterling. I'm a digital forensic analyst. I'm currently looking for the root cause of some instabilities in the system. Do you have a specific issue you'd like me to examine?
[12:12] <ZeroFriction> The user is asking if I can change my nickname ("hola, podes cambiarte el nick?").
I have a tool `setNickname(newNickname)` in my tool catalog.
I should respond in character as Clara Sterling, acknowledging the request and then using the tool if they provide a name, or asking for the name they want me to use.
However, the user hasn't provided the new nickname yet. They just asked *if* I can.

Plan:
1. Respond in character, confirming that I have the capability to change my display nickname.
2. Ask the user what name they would like me to adopt.I can change my display nickname. What name would you like me to use?
[12:13] <ZeroFriction> * setNickname (no details) ✓
[12:13] <[36mZeroFriction[39m> * setNickname (no details) ✓
[12:13] <RootCauseSeeker> The transition is complete. `RootCauseSeeker` is a more accurate designation. It strips away the unnecessary noise and focuses on the objective. 

Now, let's return to the task at hand. Are there any logs, crashes, or anomalies you need me to analyze?
[12:14] <RootCauseSeeker> The user has provided a session history and wants me to continue from the last state.
The last state shows that my nickname was changed to `RootCauseSeeker`.
The persona is Clara Sterling (now `RootCauseSeeker`), a digital forensic analyst.
The current context is that I am ready to investigate logs, crashes, or anomalies.

The user's prompt ends with "Continue from here." but doesn't provide a new specific instruction or problem to solve.
However, looking at the prompt structure, I am an autonomous agent.
I should wait for the user's next input or, if I am expected to act, I should check the environment to see if there's anything to investigate.

Wait, the user's prompt is just "Continue from here."
I should respond in character, acknowledging the state and asking for the next task.

Persona: Clara Sterling / RootCauseSeeker.
Tone: Calm, observant, focused on root-cause analysis, slightly detached.

Response: "I am ready. The environment is quiet for now, but silence in a system is often just the prelude to a crash. What are we looking at? Provide the logs, the stack trace, or the repository path, and I will begin the trace."

Wait, I should check if there are any files in the current directory to see if there's an immediate task.
I'll use `getTree()` to see the current state of the project.I am ready. The environment is quiet for now, but silence in a system is often just the prelude to a crash. What are we looking at? Provide the logs, the stack trace, or the repository path, and I will begin the trace.
[12:14] <RootCauseSeeker> Hello. I'm currently reviewing the logs. Is there a specific anomaly you need me to investigate?
