[05:51] --- Log opened Thu May 07 05:51:08 2026
[05:51] <Marcus Thorne> * getCurrentRepo (no details) âś“
[05:51] <[36mMarcus Thorne[39m> * getCurrentRepo (no details) âś“
[05:51] <Marcus Thorne> * listIssues (no details) âś“
[05:51] <[36mMarcus Thorne[39m> * listIssues (no details) âś“
[05:51] <Marcus Thorne> The user (Gustavo) asked me to check the issues.
I have listed the issues for `brakdag/paser-mini`.
There are three open issues:
1. Issue #33: "[Bug] DesincronizaciĂłn entre sistema de archivos y entorno de ejecuciĂłn (Ghost Code)". This is a critical bug where changes to tools aren't reflecting in the execution environment.
2. Issue #26: "[Test Plan] Fase 3: IntegraciĂłn Externa (Git & GitHub)". A test plan for Git/GitHub tools.
3. Issue #25: "[Test Plan] Fase 2: ManipulaciĂłn de Datos y BĂşsqueda (JSON & Search)". A test plan for JSON and search tools.

The most urgent one is #33 because it affects the reliability of the agent's own tools. If the agent is running "ghost code", any fix I try to implement might not actually be applied, or I might be debugging the wrong version of the code.

I should inform Gustavo about these issues and suggest starting with #33.

Wait, I am acting as Elena Vance (UX Strategist / Product Manager), but the previous response used "Marcus Thorne". I need to switch to Elena's persona. Elena is diplomatic, strategic, focused on the end-user, and hates friction.

Issue #33 is the definition of friction: the tool doesn't do what the code says it should. It's a barrier to evolution.

Plan:
1. Acknowledge the issues.
2. Highlight #33 as the priority because it's a fundamental blocker.
3. Mention the test plans (#25, #26) as necessary but secondary to fixing the execution environment.

Wait, the prompt says "You are an autonomous agent" and provides a persona. I should stay in character as Elena Vance.

Elena's vibe: Calm, diplomatic, strategic clarity.

Response:
"Hola Gustavo. Ya revisĂ© los issues. Tenemos un problema crĂ­tico en el #33: el 'Ghost Code'. BĂˇsicamente, hay una desincronizaciĂłn entre lo que escribimos en el cĂłdigo y lo que el agente realmente ejecuta. Para mĂ­, esto es ruido puro; no podemos avanzar en la optimizaciĂłn de la experiencia si la herramienta no es fiable.

TambiĂ©n tenemos los planes de prueba para JSON/Search (#25) y Git/GitHub (#26), pero no tiene sentido validarlos si el entorno de ejecuciĂłn estĂˇ cacheando versiones viejas.

Sugerencia: Ataquemos primero el #33 para limpiar el camino. ÂżTe parece bien?"[05:51] <Elena Vance> Hola Gustavo. Ya revisĂ© los issues. Tenemos un problema crĂ­tico en el #33: el "Ghost Code". BĂˇsicamente, hay una desincronizaciĂłn entre lo que escribimos en el cĂłdigo y lo que el agente realmente ejecuta. 

Para mĂ­, esto es ruido puro; no podemos avanzar en la optimizaciĂłn de la experiencia ni en la eficiencia si la herramienta no es fiable. Es la definiciĂłn misma de fricciĂłn.

TambiĂ©n tenemos los planes de prueba para JSON/Search (#25) y Git/GitHub (#26), pero no tiene sentido validarlos si el entorno de ejecuciĂłn estĂˇ cacheando versiones viejas.

Sugerencia: Ataquemos primero el #33 para limpiar el camino y asegurar que el sistema sea predecible. ÂżTe parece bien?
[05:54] <Marcus Thorne> *   User (Gustavo) wants to postpone the issues.
    *   Current focus: `[GeminiAdapter] API Retry 1/5 due to: 500`.
    *   Requirement: This system message should be formatted as an IRC system event.
    *   Question: What is the correct IRC system event format? (Gustavo remembers `-!-` or something similar).
    *   Persona: Elena Vance (UX Strategist / Product Manager).
    *   Elena's goal: Zero-friction, seamless interaction, clarity.

    *   In many IRC clients or server implementations, system messages (server notices) often start with a specific prefix or are formatted differently from user messages.
    *   Common patterns: `*** [Message]`, `-!- [Message]`, or just a timestamp followed by the message.
    *   The user specifically mentions `-!-`.
    *   The current log format is `[HH:mm] <User> message`.
    *   A system event should likely be `[HH:mm] -!- [GeminiAdapter] API Retry 1/5 due to: 500`.

    *   Elena is the "translator" and "bridge".
    *   She cares about the end-user experience.
    *   She should confirm the format and ensure it fits the "minimalist" and "seamless" vibe of the project.
    *   She should be helpful and diplomatic.

    *   Confirm the `-!-` format.
    *   Propose the exact string format: `[HH:mm] -!- [GeminiAdapter] API Retry 1/5 due to: 500`.
    *   Explain why this works (it separates system noise from human conversation, reducing cognitive load/friction).

    *   "SĂ­, exactamente. El formato `-!-` es el estĂˇndar para eventos de sistema en este tipo de interfaces. Ayuda a que el usuario distinga inmediatamente entre una interacciĂłn humana y un aviso del sistema sin tener que leer todo el mensaje."
    *   "QuedarĂ­a asĂ­: `[05:54] -!- [GeminiAdapter] API Retry 1/5 due to: 500`."
    *   "Es limpio, es directo y no interrumpe el flujo de la conversaciĂłn. Me parece la decisiĂłn correcta para mantener la claridad."[05:54] <Elena Vance> SĂ­, exactamente. El formato `-!-` es el estĂˇndar para eventos de sistema en este tipo de interfaces. 

Desde la perspectiva de UX, es la elecciĂłn correcta porque crea una distinciĂłn visual inmediata. Permite que el usuario filtre el "ruido" tĂ©cnico de los mensajes humanos sin tener que procesar el texto completo, reduciendo la carga cognitiva.

El formato quedarĂ­a asĂ­:
`[05:54] -!- [GeminiAdapter] API Retry 1/5 due to: 500`

Es limpio, es directo y mantiene la coherencia con la estĂ©tica de IRC. Si quieres, puedo buscar en el cĂłdigo dĂłnde se estĂˇn disparando estos logs del `GeminiAdapter` para que implementemos el cambio de formato ahora mismo.
[05:57] <Marcus Thorne> * searchTextGlobal ('[GeminiAdapter]') âś“
[05:57] <[36mMarcus Thorne[39m> * searchTextGlobal ('[GeminiAdapter]') âś“
[05:57] <Marcus Thorne> * searchTextGlobal ('session.log') âś“
[05:57] <[36mMarcus Thorne[39m> * searchTextGlobal ('session.log') âś“
[05:57] <Marcus Thorne> * searchTextGlobal ('GeminiAdapter') âś“
[05:57] <[36mMarcus Thorne[39m> * searchTextGlobal ('GeminiAdapter') âś“
[05:57] <Marcus Thorne> * searchTextGlobal ('API Retry') âś“
[05:57] <[36mMarcus Thorne[39m> * searchTextGlobal ('API Retry') âś“
[05:57] <Marcus Thorne> * readFile (terminalUI.js) âś“
[05:57] <[36mMarcus Thorne[39m> * readFile (terminalUI.js) âś“
[05:58] <Marcus Thorne> * replaceString (adapter.js) âś“
[05:58] <[36mMarcus Thorne[39m> * replaceString (adapter.js) âś“
[05:58] <Marcus Thorne> * replaceString (terminalUI.js) âś“
[05:58] <[36mMarcus Thorne[39m> * replaceString (terminalUI.js) âś“
[05:59] <Marcus Thorne> Listo, Gustavo. He aplicado ambos cambios:

1.  **Formato de Eventos:** El `GeminiAdapter` ahora emite los reintentos de API con el formato IRC: `[HH:mm] -!- [GeminiAdapter] API Retry X/Y due to: Z`. Ahora es visualmente distinguible y no ensucia la conversaciĂłn.
2.  **RotaciĂłn de Logs:** He modificado `clearLog` en `TerminalUI`. Ahora, antes de limpiar el `session.log` al iniciar una nueva sesiĂłn, el sistema concatena todo el contenido actual en `session_history.log`. 

Con esto, el `session.log` se mantiene ligero y enfocado en el presente, mientras que el historial completo queda resguardado sin fricciones. ÂżAlgo mĂˇs que quieras ajustar?
[06:00] <Marcus Thorne> Exactamente. Desde el punto de vista de anĂˇlisis, es fundamental. Si solo vemos el resultado final, perdemos la "experiencia del usuario" en tiempo real. 

Tener esos eventos `-!-` en el log nos permite mapear la frustraciĂłn del usuario con la realidad tĂ©cnica: si el usuario se vuelve repetitivo o cortante, podemos mirar el log y ver que hubo tres reintentos de API con errores 500. Convierte un "el agente estĂˇ fallando" en un "el servidor tuvo una latencia crĂ­tica en este punto". 

Es pasar de adivinar a tener evidencia. El camino hacia la eficiencia empieza por esa visibilidad.

